<?xml version="1.0" encoding="UTF-8" ?>
<testsuite tests="36" failures="0" name="com.testrunner.TestRunner" time="0.957" errors="0" skipped="0">
  <properties>
    <property name="java.vendor" value="Oracle Corporation"/>
    <property name="JOB_NAME" value="CucumberDemo"/>
    <property name="sun.java.launcher" value="SUN_STANDARD"/>
    <property name="NUMBER_OF_PROCESSORS" value="4"/>
    <property name="sun.management.compiler" value="HotSpot 64-Bit Tiered Compilers"/>
    <property name="JENKINS_HOME" value="C:\Users\HP\.jenkins"/>
    <property name="FPS_BROWSER_USER_PROFILE_STRING" value="Default"/>
    <property name="HUDSON_SERVER_COOKIE" value="76ea9392688bd13f"/>
    <property name="POM_ARTIFACTID" value="CucumberDemo"/>
    <property name="os.name" value="Windows 10"/>
    <property name="sun.boot.class.path" value="C:\Program Files\Java\jdk1.8.0_201\jre\lib\resources.jar;C:\Program Files\Java\jdk1.8.0_201\jre\lib\rt.jar;C:\Program Files\Java\jdk1.8.0_201\jre\lib\sunrsasign.jar;C:\Program Files\Java\jdk1.8.0_201\jre\lib\jsse.jar;C:\Program Files\Java\jdk1.8.0_201\jre\lib\jce.jar;C:\Program Files\Java\jdk1.8.0_201\jre\lib\charsets.jar;C:\Program Files\Java\jdk1.8.0_201\jre\lib\jfr.jar;C:\Program Files\Java\jdk1.8.0_201\jre\classes"/>
    <property name="EXECUTOR_NUMBER" value="1"/>
    <property name="sun.desktop" value="windows"/>
    <property name="PATHEXT" value=".COM;.EXE;.BAT;.CMD;.VBS;.VBE;.JS;.JSE;.WSF;.WSH;.MSC"/>
    <property name="java.vm.specification.vendor" value="Oracle Corporation"/>
    <property name="POM_DISPLAYNAME" value="CucumberDemo"/>
    <property name="NODE_LABELS" value="master"/>
    <property name="TEMP" value="C:\Users\HP\AppData\Local\Temp"/>
    <property name="java.runtime.version" value="1.8.0_201-b09"/>
    <property name="FPS_BROWSER_APP_PROFILE_STRING" value="Internet Explorer"/>
    <property name="user.name" value="HP"/>
    <property name="guice.disable.misplaced.annotation.check" value="true"/>
    <property name="CommonProgramW6432" value="C:\Program Files\Common Files"/>
    <property name="ProgramFiles" value="C:\Program Files"/>
    <property name="PROMPT" value="$P$G"/>
    <property name="user.language" value="en"/>
    <property name="JOB_BASE_NAME" value="CucumberDemo"/>
    <property name="RUN_CHANGES_DISPLAY_URL" value="http://localhost:8080/job/CucumberDemo/2/display/redirect?page=changes"/>
    <property name="BUILD_DISPLAY_NAME" value="#2"/>
    <property name="OneDrive" value="C:\Users\HP\OneDrive"/>
    <property name="sun.boot.library.path" value="C:\Program Files\Java\jdk1.8.0_201\jre\bin"/>
    <property name="LOCALAPPDATA" value="C:\Users\HP\AppData\Local"/>
    <property name="java.version" value="1.8.0_201"/>
    <property name="PROCESSOR_LEVEL" value="6"/>
    <property name="user.timezone" value="Asia/Calcutta"/>
    <property name="USERNAME" value="HP"/>
    <property name="sun.arch.data.model" value="64"/>
    <property name="NODE_NAME" value="master"/>
    <property name="OneDriveConsumer" value="C:\Users\HP\OneDrive"/>
    <property name="java.endorsed.dirs" value="C:\Program Files\Java\jdk1.8.0_201\jre\lib\endorsed"/>
    <property name="BUILD_ID" value="2"/>
    <property name="sun.cpu.isalist" value="amd64"/>
    <property name="sun.jnu.encoding" value="Cp1252"/>
    <property name="file.encoding.pkg" value="sun.io"/>
    <property name="file.separator" value="\"/>
    <property name="java.specification.name" value="Java Platform API Specification"/>
    <property name="HOMEDRIVE" value="C:"/>
    <property name="java.class.version" value="52.0"/>
    <property name="=::" value="::\"/>
    <property name="SCITE_USERHOME" value="C:\Users\HP\AppData\Local\AutoIt v3\SciTE"/>
    <property name="org.slf4j.simpleLogger.defaultLogLevel" value="info"/>
    <property name="user.country" value="IN"/>
    <property name="ALLUSERSPROFILE" value="C:\ProgramData"/>
    <property name="java.home" value="C:\Program Files\Java\jdk1.8.0_201\jre"/>
    <property name="java.vm.info" value="mixed mode"/>
    <property name="os.version" value="10.0"/>
    <property name="RUN_DISPLAY_URL" value="http://localhost:8080/job/CucumberDemo/2/display/redirect"/>
    <property name="POM_VERSION" value="0.0.1-SNAPSHOT"/>
    <property name="TMP" value="C:\Users\HP\AppData\Local\Temp"/>
    <property name="path.separator" value=";"/>
    <property name="java.vm.version" value="25.201-b09"/>
    <property name="user.variant" value=""/>
    <property name="JOB_DISPLAY_URL" value="http://localhost:8080/job/CucumberDemo/display/redirect"/>
    <property name="CommonProgramFiles(x86)" value="C:\Program Files (x86)\Common Files"/>
    <property name="USERDOMAIN_ROAMINGPROFILE" value="DESKTOP-OVI6C6O"/>
    <property name="java.awt.printerjob" value="sun.awt.windows.WPrinterJob"/>
    <property name="JAVA_HOME" value="C:/Program Files/Java/jdk1.8.0_201"/>
    <property name="sun.io.unicode.encoding" value="UnicodeLittle"/>
    <property name="CommonProgramFiles" value="C:\Program Files\Common Files"/>
    <property name="ComSpec" value="C:\Windows\system32\cmd.exe"/>
    <property name="awt.toolkit" value="sun.awt.windows.WToolkit"/>
    <property name="HOMEPATH" value="\Users\HP"/>
    <property name="POM_PACKAGING" value="jar"/>
    <property name="user.script" value=""/>
    <property name="COMPUTERNAME" value="DESKTOP-OVI6C6O"/>
    <property name="POM_GROUPID" value="com.seleniumdemo.cucumber"/>
    <property name="user.home" value="C:\Users\HP"/>
    <property name="PUBLIC" value="C:\Users\Public"/>
    <property name="BUILD_TAG" value="jenkins-CucumberDemo-2"/>
    <property name="JENKINS_SERVER_COOKIE" value="76ea9392688bd13f"/>
    <property name="HUDSON_URL" value="http://localhost:8080/"/>
    <property name="ProgramData" value="C:\ProgramData"/>
    <property name="java.specification.vendor" value="Oracle Corporation"/>
    <property name="USERPROFILE" value="C:\Users\HP"/>
    <property name="CLASSPATH" value=""/>
    <property name="java.vendor.url" value="http://java.oracle.com/"/>
    <property name="java.library.path" value="C:\Program Files\Java\jdk1.8.0_201\bin;C:\Windows\Sun\Java\bin;C:\Windows\system32;C:\Windows;C:/ejagruti_Automation/maven/bin;C:/Program Files/Java/jdk1.8.0_201/bin;C:/Program Files/Java/jdk1.8.0_201/bin;C:\Program Files\Java\jdk1.8.0_201\bin;C:\ejagruti_Automation\maven\bin;C:\Program Files (x86)\MySQL\MySQL Server 5.5\bin;C:\Windows\System32;C:\TDM-GCC-64\x86_64-w64-mingw32\bin;C:\TDM-GCC-64\bin;C:\Users\HP\Downloads\libs;."/>
    <property name="java.vm.vendor" value="Oracle Corporation"/>
    <property name="APPDATA" value="C:\Users\HP\AppData\Roaming"/>
    <property name="java.runtime.name" value="Java(TM) SE Runtime Environment"/>
    <property name="maven.home" value="C:\ejagruti_Automation\maven"/>
    <property name="java.class.path" value="C:\Users\HP\.jenkins\plugins\maven-plugin\WEB-INF\lib\maven33-agent-1.13.jar;C:\ejagruti_Automation\maven\boot\plexus-classworlds-2.5.2.jar;C:\ejagruti_Automation\maven/conf/logging"/>
    <property name="sun.java.command" value="jenkins.maven3.agent.Maven33Main C:/ejagruti_Automation/maven C:\Users\HP\.jenkins\war\WEB-INF\lib\remoting-3.29.jar C:\Users\HP\.jenkins\plugins\maven-plugin\WEB-INF\lib\maven33-interceptor-1.13.jar C:\Users\HP\.jenkins\plugins\maven-plugin\WEB-INF\lib\maven3-interceptor-commons-1.13.jar 63361"/>
    <property name="Path" value="C:/Program Files/Java/jdk1.8.0_201/bin;C:\Program Files\Java\jdk1.8.0_201\bin;C:\ejagruti_Automation\maven\bin;C:\Program Files (x86)\MySQL\MySQL Server 5.5\bin;C:\Windows\System32;C:\TDM-GCC-64\x86_64-w64-mingw32\bin;C:\TDM-GCC-64\bin;C:\Users\HP\Downloads\libs"/>
    <property name="java.vm.specification.name" value="Java Virtual Machine Specification"/>
    <property name="PROCESSOR_ARCHITECTURE" value="AMD64"/>
    <property name="PATH+JDK" value="C:/Program Files/Java/jdk1.8.0_201/bin"/>
    <property name="PROCESSOR_IDENTIFIER" value="Intel64 Family 6 Model 142 Stepping 9, GenuineIntel"/>
    <property name="java.vm.specification.version" value="1.8"/>
    <property name="sun.os.patch.level" value=""/>
    <property name="sun.cpu.endian" value="little"/>
    <property name="M2_HOME" value="C:/ejagruti_Automation/maven"/>
    <property name="java.io.tmpdir" value="C:\Users\HP\AppData\Local\Temp\"/>
    <property name="OS" value="Windows_NT"/>
    <property name="HUDSON_HOME" value="C:\Users\HP\.jenkins"/>
    <property name="PATH+MAVEN" value="C:/ejagruti_Automation/maven/bin"/>
    <property name="ProgramFiles(x86)" value="C:\Program Files (x86)"/>
    <property name="BUILD_URL" value="http://localhost:8080/job/CucumberDemo/2/"/>
    <property name="java.vendor.url.bug" value="http://bugreport.sun.com/bugreport/"/>
    <property name="java.awt.graphicsenv" value="sun.awt.Win32GraphicsEnvironment"/>
    <property name="os.arch" value="amd64"/>
    <property name="SystemRoot" value="C:\Windows"/>
    <property name="java.ext.dirs" value="C:\Program Files\Java\jdk1.8.0_201\jre\lib\ext;C:\Windows\Sun\Java\lib\ext"/>
    <property name="user.dir" value="E:\Selenium Frameworks\CucumberDemo"/>
    <property name="JOB_URL" value="http://localhost:8080/job/CucumberDemo/"/>
    <property name="LOGONSERVER" value="\\DESKTOP-OVI6C6O"/>
    <property name="USERDOMAIN" value="DESKTOP-OVI6C6O"/>
    <property name="line.separator" value="
"/>
    <property name="MAVEN_HOME" value="C:/ejagruti_Automation/maven"/>
    <property name="java.vm.name" value="Java HotSpot(TM) 64-Bit Server VM"/>
    <property name="BUILD_NUMBER" value="2"/>
    <property name="JENKINS_URL" value="http://localhost:8080/"/>
    <property name="PROCESSOR_REVISION" value="8e09"/>
    <property name="ProgramW6432" value="C:\Program Files"/>
    <property name="windir" value="C:\Windows"/>
    <property name="=C:" value="C:\Users\HP\Downloads"/>
    <property name="file.encoding" value="Cp1252"/>
    <property name="SystemDrive" value="C:"/>
    <property name="maven3.interceptor" value="C:\Users\HP\.jenkins\plugins\maven-plugin\WEB-INF\lib\maven33-interceptor-1.13.jar"/>
    <property name="WORKSPACE" value="C:\Users\HP\.jenkins\workspace\CucumberDemo"/>
    <property name="maven3.interceptor.common" value="C:\Users\HP\.jenkins\plugins\maven-plugin\WEB-INF\lib\maven3-interceptor-commons-1.13.jar"/>
    <property name="java.specification.version" value="1.8"/>
    <property name="PSModulePath" value="%ProgramFiles(x86)%\WindowsPowerShell\Modules;C:\Windows\system32\WindowsPowerShell\v1.0\Modules;C:\Program Files (x86)\AutoIt3\AutoItX"/>
  </properties>
  <testcase classname="Scenario: Verify login functionality by passing valid credentials" name="When user open &quot;Chrome&quot; browser" time="0.011"/>
  <testcase classname="Scenario: Verify login functionality by passing valid credentials" name="When user enters url &quot;http://www.gcrit.com/build3/admin/login&quot;" time="0.001"/>
  <testcase classname="Scenario: Verify login functionality by passing valid credentials" name="Then user will be on Applications login page" time="0"/>
  <testcase classname="Scenario: Verify login functionality by passing valid credentials" name="When user enters username as &quot;admin&quot;" time="0"/>
  <testcase classname="Scenario: Verify login functionality by passing valid credentials" name="When user enters password as &quot;admin@123&quot;" time="0"/>
  <testcase classname="Scenario: Verify login functionality by passing valid credentials" name="When user clicks on submit button" time="0"/>
  <testcase classname="Scenario: Verify login functionality by passing valid credentials" name="Then user will be on application&apos;s home page" time="0"/>
  <testcase classname="Scenario: Verify login functionality by passing valid credentials" name="Then close the browser" time="0"/>
  <testcase classname="Scenario: Verify login functionality by passing valid credentials" name="Scenario: Verify login functionality by passing valid credentials" time="0.602"/>
  <testcase classname="| Admin | Admin@123 |" name="When user open &quot;Chrome&quot; browser" time="0"/>
  <testcase classname="| Admin | Admin@123 |" name="When user enters url &quot;http://www.gcrit.com/build3/admin/login&quot;" time="0"/>
  <testcase classname="| Admin | Admin@123 |" name="Then user will be on Applications login page" time="0"/>
  <testcase classname="| Admin | Admin@123 |" name="When user enters username as &quot;Admin&quot;" time="0"/>
  <testcase classname="| Admin | Admin@123 |" name="When user enters password as &quot;Admin@123&quot;" time="0"/>
  <testcase classname="| Admin | Admin@123 |" name="When user clicks on submit button" time="0"/>
  <testcase classname="| Admin | Admin@123 |" name="Then user will be on application&apos;s Login Page With error message &quot; Error: Invalid administrator login attempt.&quot;" time="0"/>
  <testcase classname="| Admin | Admin@123 |" name="Then close the browser" time="0"/>
  <testcase classname="| Admin | Admin@123 |" name="| Admin | Admin@123 |" time="0.119"/>
  <testcase classname="| admin | Admin@123 |" name="When user open &quot;Chrome&quot; browser" time="0"/>
  <testcase classname="| admin | Admin@123 |" name="When user enters url &quot;http://www.gcrit.com/build3/admin/login&quot;" time="0"/>
  <testcase classname="| admin | Admin@123 |" name="Then user will be on Applications login page" time="0"/>
  <testcase classname="| admin | Admin@123 |" name="When user enters username as &quot;admin&quot;" time="0"/>
  <testcase classname="| admin | Admin@123 |" name="When user enters password as &quot;Admin@123&quot;" time="0"/>
  <testcase classname="| admin | Admin@123 |" name="When user clicks on submit button" time="0"/>
  <testcase classname="| admin | Admin@123 |" name="Then user will be on application&apos;s Login Page With error message &quot; Error: Invalid administrator login attempt.&quot;" time="0"/>
  <testcase classname="| admin | Admin@123 |" name="Then close the browser" time="0"/>
  <testcase classname="| admin | Admin@123 |" name="| admin | Admin@123 |" time="0.132"/>
  <testcase classname="| Admin | admin@123 |" name="When user open &quot;Chrome&quot; browser" time="0"/>
  <testcase classname="| Admin | admin@123 |" name="When user enters url &quot;http://www.gcrit.com/build3/admin/login&quot;" time="0"/>
  <testcase classname="| Admin | admin@123 |" name="Then user will be on Applications login page" time="0"/>
  <testcase classname="| Admin | admin@123 |" name="When user enters username as &quot;Admin&quot;" time="0"/>
  <testcase classname="| Admin | admin@123 |" name="When user enters password as &quot;admin@123&quot;" time="0"/>
  <testcase classname="| Admin | admin@123 |" name="When user clicks on submit button" time="0"/>
  <testcase classname="| Admin | admin@123 |" name="Then user will be on application&apos;s Login Page With error message &quot; Error: Invalid administrator login attempt.&quot;" time="0"/>
  <testcase classname="| Admin | admin@123 |" name="Then close the browser" time="0"/>
  <testcase classname="| Admin | admin@123 |" name="| Admin | admin@123 |" time="0.092"/>
</testsuite>